<?xml version="1.0" encoding="UTF-8"?>
<testsuite name="com.example.springboot.web.IndexControllerTest" tests="1" skipped="0" failures="0" errors="0" timestamp="2022-02-03T08:05:11" hostname="iseungjig-ui-MacBookPro.local" time="0.254">
  <properties/>
  <testcase name="메인페이지_로딩()" classname="com.example.springboot.web.IndexControllerTest" time="0.254"/>
  <system-out><![CDATA[2022-02-03 17:05:11.229  INFO 17591 --- [    Test worker] .b.t.c.SpringBootTestContextBootstrapper : Neither @ContextConfiguration nor @ContextHierarchy found for test class [com.example.springboot.web.IndexControllerTest], using SpringBootContextLoader
2022-02-03 17:05:11.231  INFO 17591 --- [    Test worker] o.s.t.c.support.AbstractContextLoader    : Could not detect default resource locations for test class [com.example.springboot.web.IndexControllerTest]: no resource found for suffixes {-context.xml, Context.groovy}.
2022-02-03 17:05:11.231  INFO 17591 --- [    Test worker] t.c.s.AnnotationConfigContextLoaderUtils : Could not detect default configuration classes for test class [com.example.springboot.web.IndexControllerTest]: IndexControllerTest does not declare any static, non-private, non-final, nested classes annotated with @Configuration.
2022-02-03 17:05:11.239  INFO 17591 --- [    Test worker] .b.t.c.SpringBootTestContextBootstrapper : Found @SpringBootConfiguration com.example.springboot.Application for test class com.example.springboot.web.IndexControllerTest
2022-02-03 17:05:11.247  INFO 17591 --- [    Test worker] .b.t.c.SpringBootTestContextBootstrapper : Loaded default TestExecutionListener class names from location [META-INF/spring.factories]: [org.springframework.security.test.context.support.WithSecurityContextTestExecutionListener, org.springframework.security.test.context.support.ReactorContextTestExecutionListener, org.springframework.boot.test.autoconfigure.restdocs.RestDocsTestExecutionListener, org.springframework.boot.test.autoconfigure.web.client.MockRestServiceServerResetTestExecutionListener, org.springframework.boot.test.autoconfigure.web.servlet.MockMvcPrintOnlyOnFailureTestExecutionListener, org.springframework.boot.test.autoconfigure.web.servlet.WebDriverTestExecutionListener, org.springframework.boot.test.autoconfigure.webservices.client.MockWebServiceServerTestExecutionListener, org.springframework.boot.test.mock.mockito.MockitoTestExecutionListener, org.springframework.boot.test.mock.mockito.ResetMocksTestExecutionListener, org.springframework.test.context.web.ServletTestExecutionListener, org.springframework.test.context.support.DirtiesContextBeforeModesTestExecutionListener, org.springframework.test.context.support.DependencyInjectionTestExecutionListener, org.springframework.test.context.support.DirtiesContextTestExecutionListener, org.springframework.test.context.transaction.TransactionalTestExecutionListener, org.springframework.test.context.jdbc.SqlScriptsTestExecutionListener, org.springframework.test.context.event.EventPublishingTestExecutionListener]
2022-02-03 17:05:11.249  INFO 17591 --- [    Test worker] .b.t.c.SpringBootTestContextBootstrapper : Using TestExecutionListeners: [org.springframework.test.context.web.ServletTestExecutionListener@693d3ba7, org.springframework.test.context.support.DirtiesContextBeforeModesTestExecutionListener@5449472f, org.springframework.boot.test.mock.mockito.MockitoTestExecutionListener@61580ff, org.springframework.boot.test.autoconfigure.SpringBootDependencyInjectionTestExecutionListener@2fcd1849, org.springframework.test.context.support.DirtiesContextTestExecutionListener@2fadee14, org.springframework.test.context.transaction.TransactionalTestExecutionListener@31c3a4f1, org.springframework.test.context.jdbc.SqlScriptsTestExecutionListener@1bfbc84e, org.springframework.security.test.context.support.WithSecurityContextTestExecutionListener@5c339428, org.springframework.test.context.event.EventPublishingTestExecutionListener@1cae1cf4, org.springframework.security.test.context.support.ReactorContextTestExecutionListener@3066c7bc, org.springframework.boot.test.autoconfigure.restdocs.RestDocsTestExecutionListener@751ad046, org.springframework.boot.test.autoconfigure.web.client.MockRestServiceServerResetTestExecutionListener@35c89819, org.springframework.boot.test.autoconfigure.web.servlet.MockMvcPrintOnlyOnFailureTestExecutionListener@596d6be8, org.springframework.boot.test.autoconfigure.web.servlet.WebDriverTestExecutionListener@5fb00c5e, org.springframework.boot.test.autoconfigure.webservices.client.MockWebServiceServerTestExecutionListener@7c8b7f0e, org.springframework.boot.test.mock.mockito.ResetMocksTestExecutionListener@df238d6]
Hibernate: select posts0_.id as id1_0_, posts0_.created_date as created_2_0_, posts0_.modified_date as modified3_0_, posts0_.author as author4_0_, posts0_.content as content5_0_, posts0_.title as title6_0_ from posts posts0_ order by posts0_.id DESC
]]></system-out>
  <system-err><![CDATA[]]></system-err>
</testsuite>
