<?xml version="1.0" encoding="UTF-8"?>
<testsuite name="com.example.springboot.domain.posts.PostsRepositoryTest" tests="2" skipped="0" failures="0" errors="0" timestamp="2022-01-30T15:43:42" hostname="iseungjig-ui-MacBookPro.local" time="0.086">
  <properties/>
  <testcase name="게시글저장_불러오기()" classname="com.example.springboot.domain.posts.PostsRepositoryTest" time="0.06"/>
  <testcase name="BaseTimeEntity_등록()" classname="com.example.springboot.domain.posts.PostsRepositoryTest" time="0.023"/>
  <system-out><![CDATA[2022-01-31 00:43:40.420  INFO 9477 --- [    Test worker] .b.t.c.SpringBootTestContextBootstrapper : Neither @ContextConfiguration nor @ContextHierarchy found for test class [com.example.springboot.domain.posts.PostsRepositoryTest], using SpringBootContextLoader
2022-01-31 00:43:40.424  INFO 9477 --- [    Test worker] o.s.t.c.support.AbstractContextLoader    : Could not detect default resource locations for test class [com.example.springboot.domain.posts.PostsRepositoryTest]: no resource found for suffixes {-context.xml, Context.groovy}.
2022-01-31 00:43:40.425  INFO 9477 --- [    Test worker] t.c.s.AnnotationConfigContextLoaderUtils : Could not detect default configuration classes for test class [com.example.springboot.domain.posts.PostsRepositoryTest]: PostsRepositoryTest does not declare any static, non-private, non-final, nested classes annotated with @Configuration.
2022-01-31 00:43:40.445  INFO 9477 --- [    Test worker] .b.t.c.SpringBootTestContextBootstrapper : Found @SpringBootConfiguration com.example.springboot.Application for test class com.example.springboot.domain.posts.PostsRepositoryTest
2022-01-31 00:43:40.452  INFO 9477 --- [    Test worker] .b.t.c.SpringBootTestContextBootstrapper : Loaded default TestExecutionListener class names from location [META-INF/spring.factories]: [org.springframework.security.test.context.support.WithSecurityContextTestExecutionListener, org.springframework.security.test.context.support.ReactorContextTestExecutionListener, org.springframework.boot.test.autoconfigure.restdocs.RestDocsTestExecutionListener, org.springframework.boot.test.autoconfigure.web.client.MockRestServiceServerResetTestExecutionListener, org.springframework.boot.test.autoconfigure.web.servlet.MockMvcPrintOnlyOnFailureTestExecutionListener, org.springframework.boot.test.autoconfigure.web.servlet.WebDriverTestExecutionListener, org.springframework.boot.test.autoconfigure.webservices.client.MockWebServiceServerTestExecutionListener, org.springframework.boot.test.mock.mockito.MockitoTestExecutionListener, org.springframework.boot.test.mock.mockito.ResetMocksTestExecutionListener, org.springframework.test.context.web.ServletTestExecutionListener, org.springframework.test.context.support.DirtiesContextBeforeModesTestExecutionListener, org.springframework.test.context.support.DependencyInjectionTestExecutionListener, org.springframework.test.context.support.DirtiesContextTestExecutionListener, org.springframework.test.context.transaction.TransactionalTestExecutionListener, org.springframework.test.context.jdbc.SqlScriptsTestExecutionListener, org.springframework.test.context.event.EventPublishingTestExecutionListener]
2022-01-31 00:43:40.453  INFO 9477 --- [    Test worker] .b.t.c.SpringBootTestContextBootstrapper : Using TestExecutionListeners: [org.springframework.test.context.web.ServletTestExecutionListener@20abd18b, org.springframework.test.context.support.DirtiesContextBeforeModesTestExecutionListener@5ccec13a, org.springframework.boot.test.mock.mockito.MockitoTestExecutionListener@13b64a41, org.springframework.boot.test.autoconfigure.SpringBootDependencyInjectionTestExecutionListener@1e3870d8, org.springframework.test.context.support.DirtiesContextTestExecutionListener@60e1cd1d, org.springframework.test.context.transaction.TransactionalTestExecutionListener@4a0c172a, org.springframework.test.context.jdbc.SqlScriptsTestExecutionListener@6b49b868, org.springframework.security.test.context.support.WithSecurityContextTestExecutionListener@36aaab69, org.springframework.test.context.event.EventPublishingTestExecutionListener@584d1184, org.springframework.security.test.context.support.ReactorContextTestExecutionListener@72d2f8e0, org.springframework.boot.test.autoconfigure.restdocs.RestDocsTestExecutionListener@54fe942a, org.springframework.boot.test.autoconfigure.web.client.MockRestServiceServerResetTestExecutionListener@37ec8c3f, org.springframework.boot.test.autoconfigure.web.servlet.MockMvcPrintOnlyOnFailureTestExecutionListener@79d6a77, org.springframework.boot.test.autoconfigure.web.servlet.WebDriverTestExecutionListener@62ed879c, org.springframework.boot.test.autoconfigure.webservices.client.MockWebServiceServerTestExecutionListener@4212102f, org.springframework.boot.test.mock.mockito.ResetMocksTestExecutionListener@114cf126]

  .   ____          _            __ _ _
 /\\ / ___'_ __ _ _(_)_ __  __ _ \ \ \ \
( ( )\___ | '_ | '_| | '_ \/ _` | \ \ \ \
 \\/  ___)| |_)| | | | | || (_| |  ) ) ) )
  '  |____| .__|_| |_|_| |_\__, | / / / /
 =========|_|==============|___/=/_/_/_/
 :: Spring Boot ::                (v2.4.1)

2022-01-31 00:43:40.523  INFO 9477 --- [    Test worker] c.e.s.domain.posts.PostsRepositoryTest   : Starting PostsRepositoryTest using Java 1.8.0_291 on iseungjig-ui-MacBookPro.local with PID 9477 (started by seungjik in /Users/seungjik/Documents/GitHub/AWS_Spring)
2022-01-31 00:43:40.524  INFO 9477 --- [    Test worker] c.e.s.domain.posts.PostsRepositoryTest   : No active profile set, falling back to default profiles: default
2022-01-31 00:43:40.941  INFO 9477 --- [    Test worker] .s.d.r.c.RepositoryConfigurationDelegate : Bootstrapping Spring Data JPA repositories in DEFAULT mode.
2022-01-31 00:43:40.963  INFO 9477 --- [    Test worker] .s.d.r.c.RepositoryConfigurationDelegate : Finished Spring Data repository scanning in 18 ms. Found 2 JPA repository interfaces.
2022-01-31 00:43:41.311  INFO 9477 --- [    Test worker] com.zaxxer.hikari.HikariDataSource       : HikariPool-2 - Starting...
2022-01-31 00:43:41.315  INFO 9477 --- [    Test worker] com.zaxxer.hikari.HikariDataSource       : HikariPool-2 - Start completed.
2022-01-31 00:43:41.336  INFO 9477 --- [    Test worker] o.hibernate.jpa.internal.util.LogHelper  : HHH000204: Processing PersistenceUnitInfo [name: default]
2022-01-31 00:43:41.342  INFO 9477 --- [    Test worker] org.hibernate.dialect.Dialect            : HHH000400: Using dialect: org.hibernate.dialect.MySQL57Dialect
Hibernate: drop table if exists posts
Hibernate: drop table if exists user
Hibernate: create table posts (id bigint not null auto_increment, created_date datetime(6), modified_date datetime(6), author varchar(255), content TEXT not null, title varchar(500) not null, primary key (id)) engine=InnoDB
Hibernate: create table user (id bigint not null auto_increment, created_date datetime(6), modified_date datetime(6), email varchar(255) not null, name varchar(255) not null, picture varchar(255), role varchar(255) not null, primary key (id)) engine=InnoDB
2022-01-31 00:43:41.495  INFO 9477 --- [    Test worker] o.h.e.t.j.p.i.JtaPlatformInitiator       : HHH000490: Using JtaPlatform implementation: [org.hibernate.engine.transaction.jta.platform.internal.NoJtaPlatform]
2022-01-31 00:43:41.496  INFO 9477 --- [    Test worker] j.LocalContainerEntityManagerFactoryBean : Initialized JPA EntityManagerFactory for persistence unit 'default'
2022-01-31 00:43:41.710  WARN 9477 --- [    Test worker] JpaBaseConfiguration$JpaWebConfiguration : spring.jpa.open-in-view is enabled by default. Therefore, database queries may be performed during view rendering. Explicitly configure spring.jpa.open-in-view to disable this warning
2022-01-31 00:43:41.934  INFO 9477 --- [    Test worker] o.s.s.web.DefaultSecurityFilterChain     : Will secure any request with [org.springframework.security.web.context.request.async.WebAsyncManagerIntegrationFilter@422e8ba, org.springframework.security.web.context.SecurityContextPersistenceFilter@59f984f3, org.springframework.security.web.header.HeaderWriterFilter@108cd729, org.springframework.security.web.authentication.logout.LogoutFilter@7d1990bb, org.springframework.security.oauth2.client.web.OAuth2AuthorizationRequestRedirectFilter@1d9b2620, org.springframework.security.oauth2.client.web.OAuth2LoginAuthenticationFilter@402319b4, org.springframework.security.web.authentication.ui.DefaultLoginPageGeneratingFilter@3516017c, org.springframework.security.web.authentication.ui.DefaultLogoutPageGeneratingFilter@4d704279, org.springframework.security.web.savedrequest.RequestCacheAwareFilter@211f80d9, org.springframework.security.web.servletapi.SecurityContextHolderAwareRequestFilter@57dc2e4c, org.springframework.security.web.authentication.AnonymousAuthenticationFilter@99ec7d1, org.springframework.security.web.session.SessionManagementFilter@73c22d56, org.springframework.security.web.access.ExceptionTranslationFilter@4d16a114, org.springframework.security.web.access.intercept.FilterSecurityInterceptor@49101166]
2022-01-31 00:43:42.411  INFO 9477 --- [    Test worker] o.s.s.concurrent.ThreadPoolTaskExecutor  : Initializing ExecutorService 'applicationTaskExecutor'
2022-01-31 00:43:42.453  INFO 9477 --- [    Test worker] o.s.b.a.h2.H2ConsoleAutoConfiguration    : H2 console available at '/h2-console'. Database available at 'jdbc:h2:mem:testdb'
2022-01-31 00:43:42.481  INFO 9477 --- [    Test worker] o.s.b.a.w.s.WelcomePageHandlerMapping    : Adding welcome page template: index
2022-01-31 00:43:42.732  INFO 9477 --- [    Test worker] s.a.ScheduledAnnotationBeanPostProcessor : No TaskScheduler/ScheduledExecutorService bean found for scheduled processing
2022-01-31 00:43:42.736  INFO 9477 --- [    Test worker] c.e.s.domain.posts.PostsRepositoryTest   : Started PostsRepositoryTest in 2.278 seconds (JVM running for 16.322)
Hibernate: insert into posts (created_date, modified_date, author, content, title) values (?, ?, ?, ?, ?)
Hibernate: select posts0_.id as id1_0_, posts0_.created_date as created_2_0_, posts0_.modified_date as modified3_0_, posts0_.author as author4_0_, posts0_.content as content5_0_, posts0_.title as title6_0_ from posts posts0_
Hibernate: select posts0_.id as id1_0_, posts0_.created_date as created_2_0_, posts0_.modified_date as modified3_0_, posts0_.author as author4_0_, posts0_.content as content5_0_, posts0_.title as title6_0_ from posts posts0_
Hibernate: delete from posts where id=?
Hibernate: insert into posts (created_date, modified_date, author, content, title) values (?, ?, ?, ?, ?)
Hibernate: select posts0_.id as id1_0_, posts0_.created_date as created_2_0_, posts0_.modified_date as modified3_0_, posts0_.author as author4_0_, posts0_.content as content5_0_, posts0_.title as title6_0_ from posts posts0_
>>>>>>>>>> createDate=2022-01-31T00:43:42.826, modifiedDate=2022-01-31T00:43:42.826
Hibernate: select posts0_.id as id1_0_, posts0_.created_date as created_2_0_, posts0_.modified_date as modified3_0_, posts0_.author as author4_0_, posts0_.content as content5_0_, posts0_.title as title6_0_ from posts posts0_
Hibernate: delete from posts where id=?
]]></system-out>
  <system-err><![CDATA[]]></system-err>
</testsuite>
