<?xml version="1.0" encoding="UTF-8"?>
<testsuite name="com.example.springboot.domain.posts.PostsRepositoryTest" tests="2" skipped="0" failures="0" errors="0" timestamp="2022-01-17T14:12:56" hostname="iseungjig-ui-MacBookPro.local" time="0.097">
  <properties/>
  <testcase name="게시글저장_불러오기()" classname="com.example.springboot.domain.posts.PostsRepositoryTest" time="0.065"/>
  <testcase name="BaseTimeEntity_등록()" classname="com.example.springboot.domain.posts.PostsRepositoryTest" time="0.028"/>
  <system-out><![CDATA[2022-01-17 23:12:55.045  INFO 14753 --- [    Test worker] .b.t.c.SpringBootTestContextBootstrapper : Neither @ContextConfiguration nor @ContextHierarchy found for test class [com.example.springboot.domain.posts.PostsRepositoryTest], using SpringBootContextLoader
2022-01-17 23:12:55.051  INFO 14753 --- [    Test worker] o.s.t.c.support.AbstractContextLoader    : Could not detect default resource locations for test class [com.example.springboot.domain.posts.PostsRepositoryTest]: no resource found for suffixes {-context.xml, Context.groovy}.
2022-01-17 23:12:55.052  INFO 14753 --- [    Test worker] t.c.s.AnnotationConfigContextLoaderUtils : Could not detect default configuration classes for test class [com.example.springboot.domain.posts.PostsRepositoryTest]: PostsRepositoryTest does not declare any static, non-private, non-final, nested classes annotated with @Configuration.
2022-01-17 23:12:55.073  INFO 14753 --- [    Test worker] .b.t.c.SpringBootTestContextBootstrapper : Found @SpringBootConfiguration com.example.springboot.Application for test class com.example.springboot.domain.posts.PostsRepositoryTest
2022-01-17 23:12:55.079  INFO 14753 --- [    Test worker] .b.t.c.SpringBootTestContextBootstrapper : Loaded default TestExecutionListener class names from location [META-INF/spring.factories]: [org.springframework.security.test.context.support.WithSecurityContextTestExecutionListener, org.springframework.security.test.context.support.ReactorContextTestExecutionListener, org.springframework.boot.test.autoconfigure.restdocs.RestDocsTestExecutionListener, org.springframework.boot.test.autoconfigure.web.client.MockRestServiceServerResetTestExecutionListener, org.springframework.boot.test.autoconfigure.web.servlet.MockMvcPrintOnlyOnFailureTestExecutionListener, org.springframework.boot.test.autoconfigure.web.servlet.WebDriverTestExecutionListener, org.springframework.boot.test.autoconfigure.webservices.client.MockWebServiceServerTestExecutionListener, org.springframework.boot.test.mock.mockito.MockitoTestExecutionListener, org.springframework.boot.test.mock.mockito.ResetMocksTestExecutionListener, org.springframework.test.context.web.ServletTestExecutionListener, org.springframework.test.context.support.DirtiesContextBeforeModesTestExecutionListener, org.springframework.test.context.support.DependencyInjectionTestExecutionListener, org.springframework.test.context.support.DirtiesContextTestExecutionListener, org.springframework.test.context.transaction.TransactionalTestExecutionListener, org.springframework.test.context.jdbc.SqlScriptsTestExecutionListener, org.springframework.test.context.event.EventPublishingTestExecutionListener]
2022-01-17 23:12:55.080  INFO 14753 --- [    Test worker] .b.t.c.SpringBootTestContextBootstrapper : Using TestExecutionListeners: [org.springframework.test.context.web.ServletTestExecutionListener@7653059a, org.springframework.test.context.support.DirtiesContextBeforeModesTestExecutionListener@79c2a501, org.springframework.boot.test.mock.mockito.MockitoTestExecutionListener@4d54bde4, org.springframework.boot.test.autoconfigure.SpringBootDependencyInjectionTestExecutionListener@54cece21, org.springframework.test.context.support.DirtiesContextTestExecutionListener@3adf6ef7, org.springframework.test.context.transaction.TransactionalTestExecutionListener@56592e00, org.springframework.test.context.jdbc.SqlScriptsTestExecutionListener@3e0a02b2, org.springframework.security.test.context.support.WithSecurityContextTestExecutionListener@1c976c94, org.springframework.test.context.event.EventPublishingTestExecutionListener@5dfe0127, org.springframework.security.test.context.support.ReactorContextTestExecutionListener@42480db6, org.springframework.boot.test.autoconfigure.restdocs.RestDocsTestExecutionListener@2cb998df, org.springframework.boot.test.autoconfigure.web.client.MockRestServiceServerResetTestExecutionListener@b6da210, org.springframework.boot.test.autoconfigure.web.servlet.MockMvcPrintOnlyOnFailureTestExecutionListener@26376d63, org.springframework.boot.test.autoconfigure.web.servlet.WebDriverTestExecutionListener@2490e1ae, org.springframework.boot.test.autoconfigure.webservices.client.MockWebServiceServerTestExecutionListener@440ffa83, org.springframework.boot.test.mock.mockito.ResetMocksTestExecutionListener@2214bd30]

  .   ____          _            __ _ _
 /\\ / ___'_ __ _ _(_)_ __  __ _ \ \ \ \
( ( )\___ | '_ | '_| | '_ \/ _` | \ \ \ \
 \\/  ___)| |_)| | | | | || (_| |  ) ) ) )
  '  |____| .__|_| |_|_| |_\__, | / / / /
 =========|_|==============|___/=/_/_/_/
 :: Spring Boot ::                (v2.4.1)

2022-01-17 23:12:55.162  INFO 14753 --- [    Test worker] c.e.s.domain.posts.PostsRepositoryTest   : Starting PostsRepositoryTest using Java 1.8.0_291 on iseungjig-ui-MacBookPro.local with PID 14753 (started by seungjik in /Users/seungjik/Documents/GitHub/AWS_Spring)
2022-01-17 23:12:55.166  INFO 14753 --- [    Test worker] c.e.s.domain.posts.PostsRepositoryTest   : No active profile set, falling back to default profiles: default
2022-01-17 23:12:55.589  INFO 14753 --- [    Test worker] .s.d.r.c.RepositoryConfigurationDelegate : Bootstrapping Spring Data JPA repositories in DEFAULT mode.
2022-01-17 23:12:55.634  INFO 14753 --- [    Test worker] .s.d.r.c.RepositoryConfigurationDelegate : Finished Spring Data repository scanning in 40 ms. Found 2 JPA repository interfaces.
2022-01-17 23:12:55.901  INFO 14753 --- [    Test worker] com.zaxxer.hikari.HikariDataSource       : HikariPool-2 - Starting...
2022-01-17 23:12:55.905  INFO 14753 --- [    Test worker] com.zaxxer.hikari.HikariDataSource       : HikariPool-2 - Start completed.
2022-01-17 23:12:55.920  INFO 14753 --- [    Test worker] o.hibernate.jpa.internal.util.LogHelper  : HHH000204: Processing PersistenceUnitInfo [name: default]
2022-01-17 23:12:55.926  INFO 14753 --- [    Test worker] org.hibernate.dialect.Dialect            : HHH000400: Using dialect: org.hibernate.dialect.MySQL57Dialect
Hibernate: drop table if exists posts
Hibernate: drop table if exists user
Hibernate: create table posts (id bigint not null auto_increment, created_date datetime(6), modified_date datetime(6), author varchar(255), content TEXT not null, title varchar(500) not null, primary key (id)) engine=InnoDB
Hibernate: create table user (id bigint not null auto_increment, created_date datetime(6), modified_date datetime(6), email varchar(255) not null, name varchar(255) not null, picture varchar(255), role varchar(255) not null, primary key (id)) engine=InnoDB
2022-01-17 23:12:56.036  INFO 14753 --- [    Test worker] o.h.e.t.j.p.i.JtaPlatformInitiator       : HHH000490: Using JtaPlatform implementation: [org.hibernate.engine.transaction.jta.platform.internal.NoJtaPlatform]
2022-01-17 23:12:56.037  INFO 14753 --- [    Test worker] j.LocalContainerEntityManagerFactoryBean : Initialized JPA EntityManagerFactory for persistence unit 'default'
2022-01-17 23:12:56.176  WARN 14753 --- [    Test worker] JpaBaseConfiguration$JpaWebConfiguration : spring.jpa.open-in-view is enabled by default. Therefore, database queries may be performed during view rendering. Explicitly configure spring.jpa.open-in-view to disable this warning
2022-01-17 23:12:56.378  INFO 14753 --- [    Test worker] o.s.s.web.DefaultSecurityFilterChain     : Will secure any request with [org.springframework.security.web.context.request.async.WebAsyncManagerIntegrationFilter@6ad74b98, org.springframework.security.web.context.SecurityContextPersistenceFilter@653f6916, org.springframework.security.web.header.HeaderWriterFilter@537ad28, org.springframework.security.web.authentication.logout.LogoutFilter@27e113cc, org.springframework.security.oauth2.client.web.OAuth2AuthorizationRequestRedirectFilter@347230d5, org.springframework.security.oauth2.client.web.OAuth2LoginAuthenticationFilter@168396a4, org.springframework.security.web.authentication.ui.DefaultLoginPageGeneratingFilter@1df59046, org.springframework.security.web.authentication.ui.DefaultLogoutPageGeneratingFilter@bf19b88, org.springframework.security.web.savedrequest.RequestCacheAwareFilter@10268fff, org.springframework.security.web.servletapi.SecurityContextHolderAwareRequestFilter@28403e3e, org.springframework.security.web.authentication.AnonymousAuthenticationFilter@2ea0e6bb, org.springframework.security.web.session.SessionManagementFilter@621af35b, org.springframework.security.web.access.ExceptionTranslationFilter@35ed658, org.springframework.security.web.access.intercept.FilterSecurityInterceptor@4d159a50]
2022-01-17 23:12:56.594  INFO 14753 --- [    Test worker] o.s.s.concurrent.ThreadPoolTaskExecutor  : Initializing ExecutorService 'applicationTaskExecutor'
2022-01-17 23:12:56.610  INFO 14753 --- [    Test worker] o.s.b.a.h2.H2ConsoleAutoConfiguration    : H2 console available at '/h2-console'. Database available at 'jdbc:h2:mem:testdb'
2022-01-17 23:12:56.638  INFO 14753 --- [    Test worker] o.s.b.a.w.s.WelcomePageHandlerMapping    : Adding welcome page template: index
2022-01-17 23:12:56.869  INFO 14753 --- [    Test worker] s.a.ScheduledAnnotationBeanPostProcessor : No TaskScheduler/ScheduledExecutorService bean found for scheduled processing
2022-01-17 23:12:56.871  INFO 14753 --- [    Test worker] c.e.s.domain.posts.PostsRepositoryTest   : Started PostsRepositoryTest in 1.787 seconds (JVM running for 14.034)
Hibernate: insert into posts (created_date, modified_date, author, content, title) values (?, ?, ?, ?, ?)
Hibernate: select posts0_.id as id1_0_, posts0_.created_date as created_2_0_, posts0_.modified_date as modified3_0_, posts0_.author as author4_0_, posts0_.content as content5_0_, posts0_.title as title6_0_ from posts posts0_
Hibernate: select posts0_.id as id1_0_, posts0_.created_date as created_2_0_, posts0_.modified_date as modified3_0_, posts0_.author as author4_0_, posts0_.content as content5_0_, posts0_.title as title6_0_ from posts posts0_
Hibernate: delete from posts where id=?
Hibernate: insert into posts (created_date, modified_date, author, content, title) values (?, ?, ?, ?, ?)
Hibernate: select posts0_.id as id1_0_, posts0_.created_date as created_2_0_, posts0_.modified_date as modified3_0_, posts0_.author as author4_0_, posts0_.content as content5_0_, posts0_.title as title6_0_ from posts posts0_
>>>>>>>>>> createDate=2022-01-17T23:12:56.964, modifiedDate=2022-01-17T23:12:56.964
Hibernate: select posts0_.id as id1_0_, posts0_.created_date as created_2_0_, posts0_.modified_date as modified3_0_, posts0_.author as author4_0_, posts0_.content as content5_0_, posts0_.title as title6_0_ from posts posts0_
Hibernate: delete from posts where id=?
]]></system-out>
  <system-err><![CDATA[]]></system-err>
</testsuite>
