<?xml version="1.0" encoding="UTF-8"?>
<testsuite name="com.example.springboot.web.HelloControllerTest" tests="2" skipped="0" failures="0" errors="0" timestamp="2022-02-03T08:05:11" hostname="iseungjig-ui-MacBookPro.local" time="0.138">
  <properties/>
  <testcase name="hello가_리턴된다()" classname="com.example.springboot.web.HelloControllerTest" time="0.057"/>
  <testcase name="helloDto가_리턴된다()" classname="com.example.springboot.web.HelloControllerTest" time="0.076"/>
  <system-out><![CDATA[2022-02-03 17:05:09.608  INFO 17591 --- [    Test worker] .b.t.a.w.s.WebMvcTestContextBootstrapper : Neither @ContextConfiguration nor @ContextHierarchy found for test class [com.example.springboot.web.HelloControllerTest], using SpringBootContextLoader
2022-02-03 17:05:09.618  INFO 17591 --- [    Test worker] o.s.t.c.support.AbstractContextLoader    : Could not detect default resource locations for test class [com.example.springboot.web.HelloControllerTest]: no resource found for suffixes {-context.xml, Context.groovy}.
2022-02-03 17:05:09.618  INFO 17591 --- [    Test worker] t.c.s.AnnotationConfigContextLoaderUtils : Could not detect default configuration classes for test class [com.example.springboot.web.HelloControllerTest]: HelloControllerTest does not declare any static, non-private, non-final, nested classes annotated with @Configuration.
2022-02-03 17:05:09.664  INFO 17591 --- [    Test worker] .b.t.c.SpringBootTestContextBootstrapper : Found @SpringBootConfiguration com.example.springboot.Application for test class com.example.springboot.web.HelloControllerTest
2022-02-03 17:05:09.665  INFO 17591 --- [    Test worker] .b.t.a.w.s.WebMvcTestContextBootstrapper : Loaded default TestExecutionListener class names from location [META-INF/spring.factories]: [org.springframework.security.test.context.support.WithSecurityContextTestExecutionListener, org.springframework.security.test.context.support.ReactorContextTestExecutionListener, org.springframework.boot.test.autoconfigure.restdocs.RestDocsTestExecutionListener, org.springframework.boot.test.autoconfigure.web.client.MockRestServiceServerResetTestExecutionListener, org.springframework.boot.test.autoconfigure.web.servlet.MockMvcPrintOnlyOnFailureTestExecutionListener, org.springframework.boot.test.autoconfigure.web.servlet.WebDriverTestExecutionListener, org.springframework.boot.test.autoconfigure.webservices.client.MockWebServiceServerTestExecutionListener, org.springframework.boot.test.mock.mockito.MockitoTestExecutionListener, org.springframework.boot.test.mock.mockito.ResetMocksTestExecutionListener, org.springframework.test.context.web.ServletTestExecutionListener, org.springframework.test.context.support.DirtiesContextBeforeModesTestExecutionListener, org.springframework.test.context.support.DependencyInjectionTestExecutionListener, org.springframework.test.context.support.DirtiesContextTestExecutionListener, org.springframework.test.context.transaction.TransactionalTestExecutionListener, org.springframework.test.context.jdbc.SqlScriptsTestExecutionListener, org.springframework.test.context.event.EventPublishingTestExecutionListener]
2022-02-03 17:05:09.666  INFO 17591 --- [    Test worker] .b.t.a.w.s.WebMvcTestContextBootstrapper : Using TestExecutionListeners: [org.springframework.test.context.web.ServletTestExecutionListener@da840e6, org.springframework.test.context.support.DirtiesContextBeforeModesTestExecutionListener@493227bf, org.springframework.boot.test.mock.mockito.MockitoTestExecutionListener@77a8f091, org.springframework.boot.test.autoconfigure.SpringBootDependencyInjectionTestExecutionListener@755d3c8b, org.springframework.test.context.support.DirtiesContextTestExecutionListener@3abdedb6, org.springframework.test.context.transaction.TransactionalTestExecutionListener@626a3a81, org.springframework.test.context.jdbc.SqlScriptsTestExecutionListener@52767225, org.springframework.security.test.context.support.WithSecurityContextTestExecutionListener@4e53b584, org.springframework.test.context.event.EventPublishingTestExecutionListener@1b5631a5, org.springframework.security.test.context.support.ReactorContextTestExecutionListener@285bae7c, org.springframework.boot.test.autoconfigure.restdocs.RestDocsTestExecutionListener@49dd1608, org.springframework.boot.test.autoconfigure.web.client.MockRestServiceServerResetTestExecutionListener@1af17522, org.springframework.boot.test.autoconfigure.web.servlet.MockMvcPrintOnlyOnFailureTestExecutionListener@3000a4c0, org.springframework.boot.test.autoconfigure.web.servlet.WebDriverTestExecutionListener@45ddd4f2, org.springframework.boot.test.autoconfigure.webservices.client.MockWebServiceServerTestExecutionListener@6411e717, org.springframework.boot.test.mock.mockito.ResetMocksTestExecutionListener@7558c6d2]

  .   ____          _            __ _ _
 /\\ / ___'_ __ _ _(_)_ __  __ _ \ \ \ \
( ( )\___ | '_ | '_| | '_ \/ _` | \ \ \ \
 \\/  ___)| |_)| | | | | || (_| |  ) ) ) )
  '  |____| .__|_| |_|_| |_\__, | / / / /
 =========|_|==============|___/=/_/_/_/
 :: Spring Boot ::                (v2.4.1)

2022-02-03 17:05:09.742  INFO 17591 --- [    Test worker] c.e.springboot.web.HelloControllerTest   : Starting HelloControllerTest using Java 1.8.0_291 on iseungjig-ui-MacBookPro.local with PID 17591 (started by seungjik in /Users/seungjik/Documents/GitHub/AWS_Spring)
2022-02-03 17:05:09.745  INFO 17591 --- [    Test worker] c.e.springboot.web.HelloControllerTest   : No active profile set, falling back to default profiles: default
2022-02-03 17:05:10.408  INFO 17591 --- [    Test worker] o.s.s.concurrent.ThreadPoolTaskExecutor  : Initializing ExecutorService 'applicationTaskExecutor'
2022-02-03 17:05:10.486  INFO 17591 --- [    Test worker] o.s.b.a.w.s.WelcomePageHandlerMapping    : Adding welcome page template: index
2022-02-03 17:05:10.894  INFO 17591 --- [    Test worker] o.s.s.web.DefaultSecurityFilterChain     : Will secure any request with [org.springframework.security.web.context.request.async.WebAsyncManagerIntegrationFilter@2d1e1b3d, org.springframework.security.web.context.SecurityContextPersistenceFilter@f7e222e, org.springframework.security.web.header.HeaderWriterFilter@77de9c32, org.springframework.security.web.csrf.CsrfFilter@77990982, org.springframework.security.web.authentication.logout.LogoutFilter@34493ef5, org.springframework.security.oauth2.client.web.OAuth2AuthorizationRequestRedirectFilter@376a0732, org.springframework.security.oauth2.client.web.OAuth2AuthorizationRequestRedirectFilter@53d24af5, org.springframework.security.oauth2.client.web.OAuth2LoginAuthenticationFilter@227982be, org.springframework.security.web.authentication.ui.DefaultLoginPageGeneratingFilter@526f6172, org.springframework.security.web.authentication.ui.DefaultLogoutPageGeneratingFilter@6eb97f85, org.springframework.security.web.savedrequest.RequestCacheAwareFilter@2348a117, org.springframework.security.web.servletapi.SecurityContextHolderAwareRequestFilter@20749640, org.springframework.security.web.authentication.AnonymousAuthenticationFilter@5394d1ba, org.springframework.security.oauth2.client.web.OAuth2AuthorizationCodeGrantFilter@6e4a6b5b, org.springframework.security.web.session.SessionManagementFilter@48344e52, org.springframework.security.web.access.ExceptionTranslationFilter@4b5cf8de, org.springframework.security.web.access.intercept.FilterSecurityInterceptor@82787ac]
2022-02-03 17:05:11.013  INFO 17591 --- [    Test worker] o.s.b.t.m.w.SpringBootMockServletContext : Initializing Spring TestDispatcherServlet ''
2022-02-03 17:05:11.014  INFO 17591 --- [    Test worker] o.s.t.web.servlet.TestDispatcherServlet  : Initializing Servlet ''
2022-02-03 17:05:11.015  INFO 17591 --- [    Test worker] o.s.t.web.servlet.TestDispatcherServlet  : Completed initialization in 1 ms
2022-02-03 17:05:11.041  INFO 17591 --- [    Test worker] c.e.springboot.web.HelloControllerTest   : Started HelloControllerTest in 1.361 seconds (JVM running for 12.284)
]]></system-out>
  <system-err><![CDATA[]]></system-err>
</testsuite>
