<?xml version="1.0" encoding="UTF-8"?>
<testsuite name="com.example.springboot.web.ProfileControllerUnitTest" tests="3" skipped="0" failures="0" errors="0" timestamp="2022-02-03T08:05:11" hostname="iseungjig-ui-MacBookPro.local" time="0.015">
  <properties/>
  <testcase name="real_profile_이_없으면_첫_번째가_조회된다()" classname="com.example.springboot.web.ProfileControllerUnitTest" time="0.009"/>
  <testcase name="active_profile이_없으면_default가_조회된다()" classname="com.example.springboot.web.ProfileControllerUnitTest" time="0.001"/>
  <testcase name="real_profile이_조회된다()" classname="com.example.springboot.web.ProfileControllerUnitTest" time="0.0"/>
  <system-out><![CDATA[]]></system-out>
  <system-err><![CDATA[]]></system-err>
</testsuite>
